
real	0m25.231s
user	0m9.913s
sys	0m2.084s
+++++++++++++ blk_sz -- 1 +++++++++++++
time elapsed -------- : 36
total_sent ---------- : 6971262
total_req ----------- : 96256
total_dup_h --------- : 2127857
total_ndup_h -------- : 29550
total_delta_data ---- : 4717599
total_recved -------- : 17634688
total_checksum_h ---- : 6016
total_checksums ----- : 17628672
total_interact_data - : 24605950
total_dup_blks ------ : 271106
total_filesz -------- : 282330143
compression_ratio --- : 91.284689%
+++++++++++++ blk_sz -- 2 +++++++++++++
time elapsed -------- : 32
total_sent ---------- : 9368178
total_req ----------- : 96256
total_dup_h --------- : 1013209
total_ndup_h -------- : 26746
total_delta_data ---- : 8231967
total_recved -------- : 8817088
total_checksum_h ---- : 6016
total_checksums ----- : 8811072
total_interact_data - : 18185266
total_dup_blks ------ : 133837
total_filesz -------- : 282330143
compression_ratio --- : 93.558865%
+++++++++++++ blk_sz -- 3 +++++++++++++
time elapsed -------- : 32
total_sent ---------- : 12359425
total_req ----------- : 96256
total_dup_h --------- : 654516
total_ndup_h -------- : 23086
total_delta_data ---- : 11585567
total_recved -------- : 5878272
total_checksum_h ---- : 6016
total_checksums ----- : 5872256
total_interact_data - : 18237697
total_dup_blks ------ : 88133
total_filesz -------- : 282330143
compression_ratio --- : 93.540294%
+++++++++++++ blk_sz -- 4 +++++++++++++
time elapsed -------- : 32
total_sent ---------- : 15056863
total_req ----------- : 96256
total_dup_h --------- : 479316
total_ndup_h -------- : 21356
total_delta_data ---- : 14459935
total_recved -------- : 4408704
total_checksum_h ---- : 6016
total_checksums ----- : 4402688
total_interact_data - : 19465567
total_dup_blks ------ : 65398
total_filesz -------- : 282330143
compression_ratio --- : 93.105388%
+++++++++++++ blk_sz -- 5 +++++++++++++
time elapsed -------- : 32
total_sent ---------- : 17442743
total_req ----------- : 96256
total_dup_h --------- : 375200
total_ndup_h -------- : 20984
total_delta_data ---- : 16950303
total_recved -------- : 3527040
total_checksum_h ---- : 6016
total_checksums ----- : 3521024
total_interact_data - : 20969783
total_dup_blks ------ : 51832
total_filesz -------- : 282330143
compression_ratio --- : 92.572602%
+++++++++++++ blk_sz -- 6 +++++++++++++
time elapsed -------- : 33
total_sent ---------- : 19477499
total_req ----------- : 96256
total_dup_h --------- : 306885
total_ndup_h -------- : 20759
total_delta_data ---- : 19053599
total_recved -------- : 2938880
total_checksum_h ---- : 6016
total_checksums ----- : 2932864
total_interact_data - : 22416379
total_dup_blks ------ : 42851
total_filesz -------- : 282330143
compression_ratio --- : 92.060225%
+++++++++++++ blk_sz -- 7 +++++++++++++
time elapsed -------- : 33
total_sent ---------- : 21460683
total_req ----------- : 96256
total_dup_h --------- : 258459
total_ndup_h -------- : 20753
total_delta_data ---- : 21085215
total_recved -------- : 2518976
total_checksum_h ---- : 6016
total_checksums ----- : 2512960
total_interact_data - : 23979659
total_dup_blks ------ : 36446
total_filesz -------- : 282330143
compression_ratio --- : 91.506518%
+++++++++++++ blk_sz -- 8 +++++++++++++
time elapsed -------- : 32
total_sent ---------- : 23253564
total_req ----------- : 96256
total_dup_h --------- : 222543
total_ndup_h -------- : 20686
total_delta_data ---- : 22914079
total_recved -------- : 2204096
total_checksum_h ---- : 6016
total_checksums ----- : 2198080
total_interact_data - : 25457660
total_dup_blks ------ : 31667
total_filesz -------- : 282330143
compression_ratio --- : 90.983017%
+++++++++++++ blk_sz -- 9 +++++++++++++
time elapsed -------- : 33
total_sent ---------- : 24861287
total_req ----------- : 96256
total_dup_h --------- : 195183
total_ndup_h -------- : 20441
total_delta_data ---- : 24549407
total_recved -------- : 1959488
total_checksum_h ---- : 6016
total_checksums ----- : 1953472
total_interact_data - : 26820775
total_dup_blks ------ : 27971
total_filesz -------- : 282330143
compression_ratio --- : 90.500208%
+++++++++++++ blk_sz -- 10 +++++++++++++
time elapsed -------- : 33
total_sent ---------- : 26631759
total_req ----------- : 96256
total_dup_h --------- : 173241
total_ndup_h -------- : 21879
total_delta_data ---- : 26340383
total_recved -------- : 1763264
total_checksum_h ---- : 6016
total_checksums ----- : 1757248
total_interact_data - : 28395023
total_dup_blks ------ : 24999
total_filesz -------- : 282330143
compression_ratio --- : 89.942617%
+++++++++++++ blk_sz -- 11 +++++++++++++
time elapsed -------- : 34
total_sent ---------- : 28151606
total_req ----------- : 96256
total_dup_h --------- : 155441
total_ndup_h -------- : 23526
total_delta_data ---- : 27876383
total_recved -------- : 1603008
total_checksum_h ---- : 6016
total_checksums ----- : 1596992
total_interact_data - : 29754614
total_dup_blks ------ : 22590
total_filesz -------- : 282330143
compression_ratio --- : 89.461057%
+++++++++++++ blk_sz -- 12 +++++++++++++
time elapsed -------- : 33
total_sent ---------- : 29617319
total_req ----------- : 96256
total_dup_h --------- : 140889
total_ndup_h -------- : 23087
total_delta_data ---- : 29357087
total_recved -------- : 1469696
total_checksum_h ---- : 6016
total_checksums ----- : 1463680
total_interact_data - : 31087015
total_dup_blks ------ : 20587
total_filesz -------- : 282330143
compression_ratio --- : 88.989126%
+++++++++++++ blk_sz -- 13 +++++++++++++
time elapsed -------- : 33
total_sent ---------- : 31048187
total_req ----------- : 96256
total_dup_h --------- : 128673
total_ndup_h -------- : 23355
total_delta_data ---- : 30799903
total_recved -------- : 1356544
total_checksum_h ---- : 6016
total_checksums ----- : 1350528
total_interact_data - : 32404731
total_dup_blks ------ : 18895
total_filesz -------- : 282330143
compression_ratio --- : 88.522398%
+++++++++++++ blk_sz -- 14 +++++++++++++
time elapsed -------- : 34
total_sent ---------- : 32692157
total_req ----------- : 96256
total_dup_h --------- : 118168
total_ndup_h -------- : 24070
total_delta_data ---- : 32453663
total_recved -------- : 1259328
total_checksum_h ---- : 6016
total_checksums ----- : 1253312
total_interact_data - : 33951485
total_dup_blks ------ : 17430
total_filesz -------- : 282330143
compression_ratio --- : 87.974545%
+++++++++++++ blk_sz -- 15 +++++++++++++
time elapsed -------- : 34
total_sent ---------- : 33850859
total_req ----------- : 96256
total_dup_h --------- : 109308
total_ndup_h -------- : 24272
total_delta_data ---- : 33621023
total_recved -------- : 1175744
total_checksum_h ---- : 6016
total_checksums ----- : 1169728
total_interact_data - : 35026603
total_dup_blks ------ : 16192
total_filesz -------- : 282330143
compression_ratio --- : 87.593743%
+++++++++++++ blk_sz -- 16 +++++++++++++
time elapsed -------- : 34
total_sent ---------- : 35369946
total_req ----------- : 96256
total_dup_h --------- : 101499
total_ndup_h -------- : 27456
total_delta_data ---- : 35144735
total_recved -------- : 1102016
total_checksum_h ---- : 6016
total_checksums ----- : 1096000
total_interact_data - : 36471962
total_dup_blks ------ : 15087
total_filesz -------- : 282330143
compression_ratio --- : 87.081804%
