AdvertisingSpace.mp3.cdc 2234 2516
HereWithoutYou.mp3.cdc 4173 4585
ALWAYSONMYMIND.mp3.cdc 3629 4012
Animals.mp3.cdc 3077 3422
BreakingTheHabit(AlbumVersion).mp3.cdc 3945 4362
BAMBOO(2006FIFAWORLDCUPMIX).mp3.cdc 3595 3958
IBELIEVEINYOU(JECROISENTOI).mp3.cdc 3695 4099
Cinderella.mp3.cdc 2975 3311
BreakingTheHabit(AlbumVersion).mp3.cdc 2730 3065
BreakingTheHabit(AlbumVersion).mp3.cdc 3215 3577
BritneySpears-Cinderella.mp3.cdc 3691 4040
BritneySpears-Circus.mp3.cdc 3767 4184
BreakingTheHabit(AlbumVersion).mp3.cdc 2706 3032
BuckleUpOnChuggeluckHeaven.mp3.cdc 2757 3067
BreakingTheHabit(AlbumVersion).mp3.cdc 4529 5002
BreakingTheHabit(AlbumVersion).mp3.cdc 1732 1954
CoverGirl.mp3.cdc 2359 2636
BreakingTheHabit(AlbumVersion).mp3.cdc 3431 3783
DavaiZa.mp3.cdc 4218 4620
Destiny-JimBrickman.mp3.cdc 3730 4143
Don'tLetTheSunGoDownOnMe.mp3.cdc 3856 4233
BreakingTheHabit(AlbumVersion).mp3.cdc 3078 3429
DreamingOfYou.mp3.cdc 2605 2910
Drive.mp3.cdc 3857 4289
EmotionDestinysChild.mp3.cdc 3896 4325
BreakingTheHabit(AlbumVersion).mp3.cdc 3270 3648
Evelyn-FunnyBunnyBoy.mp3.cdc 2981 3285
Everythingallthetime.mp3.cdc 4487 4979
IBELIEVEINYOU(JECROISENTOI).mp3.cdc 3534 3864
FairyTale.mp3.cdc 4342 4783
FarAway.mp3.cdc 4023 4410
Feelings.mp3.cdc 2628 2877
BreakingTheHabit(AlbumVersion).mp3.cdc 3173 3449
Fly.mp3.cdc 3696 4063
GetWhatIWant.mp3.cdc 4562 5010
BreakingTheHabit(AlbumVersion).mp3.cdc 4164 4567
BreakingTheHabit(AlbumVersion).mp3.cdc 3962 4393
BreakingTheHabit(AlbumVersion).mp3.cdc 1802 2040
Hello.mp3.cdc 4353 4805
BreakingTheHabit(AlbumVersion).mp3.cdc 3977 4366
BreakingTheHabit(AlbumVersion).mp3.cdc 4296 4670
HowYouRemindMe.mp3.cdc 3798 4129
BreakingTheHabit(AlbumVersion).mp3.cdc 4250 4693
IBELIEVEINYOU(JECROISENTOI).mp3.cdc 4149 4544
ICanOnlyImagine-MercyMe.mp3.cdc 4118 4535
ICouldBeTheOne.mp3.cdc 3771 4116
IfEveryoneCared.mp3.cdc 3614 3980
If.mp3.cdc 2605 2865
BreakingTheHabit(AlbumVersion).mp3.cdc 2196 2445
BreakingTheHabit(AlbumVersion).mp3.cdc 4823 5279
BreakingTheHabit(AlbumVersion).mp3.cdc 2923 3226
BreakingTheHabit(AlbumVersion).mp3.cdc 4157 4598
BreakingTheHabit(AlbumVersion).mp3.cdc 3548 3920
IReallyLoveToSeeYouTonig.mp3.cdc 4581 5007
Itneverrainsinsoutherncalifornia.mp3.cdc 3865 4262
