apache-ant-1.9.2-src.tar.gz.cdc 2675 3042
casket.kch.cdc 3000 3076
ChangeLog.cdc 35 106
com.douban.radio_105.apk.cdc 1550 1803
coreseek-3.2.14.tar.gz.cdc 2865 3185
download.php?file=%2Ftechnology%2Fepp%2Fdownloads%2Frelease%2Fkepler%2FSR1%2Feclipse-standard-kepler-SR1-linux-gtk.tar.gz.1.cdc 0 22
download.php?file=%2Ftechnology%2Fepp%2Fdownloads%2Frelease%2Fkepler%2FSR1%2Feclipse-standard-kepler-SR1-linux-gtk.tar.gz.cdc 0 21
FastDFS_v4.06.tar.gz.cdc 202 306
go1.1.2.linux-386.tar.gz.cdc 22166 24296
kyotocabinet-python-legacy-1.18.tar.gz.cdc 4 45
libevent-2.0.21-stable.tar.gz.cdc 467 627
libxml2-2.7.2.tar.gz.cdc 335 458
libxml2-2.9.0.tar.gz.cdc 3502 3959
LICENSE.cdc 3 31
lucene-3.6.0.zip.cdc 43474 47703
mmseg-1.3.0.tar.gz.cdc 471 615
nginx-1.5.3.tar.gz.cdc 436 586
npm-debug.log.cdc 0 13
pycharm-community-3.0.2.tar.gz.cdc 60651 66431
lucene-3.6.0.zip.cdc 30808 33537
pymmseg-cpp-linux-i386-1.0.1.tar.gz.cdc 433 588
rabbitmq-server-3.1.5-1.noarch.rpm.cdc 2638 2974
simplejson-3.3.1.tar.gz.cdc 11 53
test.cdc 215 334
test.db.cdc 0 7
unqlite.h.cdc 1175 1414
unqlite-db-20130825-116.zip.cdc 258 389
unqlite.h.cdc 4 35
zookeeper-3.4.5.tar.gz.cdc 11405 12471
