Netflix-ContinuallyTestbyFailingServerswithChaosMonkey.pdf.cdc 10 43
10CoreArchitecturePatternVariationsforAchievingScalability.pdf.cdc 12 46
10GoldenPrinciplesForBuildingSuccessfulMobile-WebApplications.pdf.cdc 19 58
11CommonWebUseCasesSolvedinRedis.pdf.cdc 10 43
17TechniquesUsedtoScaleTurntable.fmandLabmeetingtoMillionsofUsers.pdf.cdc 14 50
TroubleswithSharding-WhatcanwelearnfromtheFoursquareIncident.pdf.cdc 20 59
5ScalabilityPoisonsand3CloudScalabilityAntidotes.pdf.cdc 5 35
6LessonsfromDropbox-OneMillionFilesSavedEvery15minutes.pdf.cdc 14 57
Paper-TheAkamaiNetwork-61000servers1000networks70countries.pdf.cdc 11 42
6WaystoKillYourServers-LearningHowtoScaletheHardWay.pdf.cdc 13 47
7DesignPatternsforAlmost-infiniteScalability.pdf.cdc 5 44
7LessonsLearnedWhileBuildingRedditto270MillionPageViewsaMonth.pdf.cdc 56 104
TaggedArchitecture-Scalingto100MillionUsers1000Serversand5BillionPageViews.pdf.cdc 11 44
HowGoogleServesDatafromMultipleDatacenters.pdf.cdc 16 52
8CommonlyUsedScalableSystemDesignPatterns.pdf.cdc 8 34
AMathematicalIntroductiontoDataScience.pdf.cdc 2120 2400
Google-TamingtheLongLatencyTail-WhenMoreMachinesEqualsWorseResults.pdf.cdc 16 55
PrismaticArchitecture-UsingMachineLearningonSocialNetworkstoFigureOutWhatYouShouldReadontheWeb.pdf.cdc 685 799
AnIntroductiontolibuv.pdf.cdc 126 197
7LessonsLearnedWhileBuildingRedditto270MillionPageViewsaMonth.pdf.cdc 12 48
TheCanonicalCloudArchitecture.pdf.cdc 97 168
ASchoolInEveryVillage.pdf.cdc 265 348
Facebook'sNewRealtimeAnalyticsSystem-HBasetoProcess20BillionEventsPerDay.pdf.cdc 24 69
AStudyofLinuxFileSystemEvolution(Fast13).pdf.cdc 191 262
AStudyofPracticalDeduplication.pdf.cdc 405 522
a_survey_of_dfs.pdf.cdc 411 516
TheInstagramArchitectureFacebookBoughtforaCoolBillionDollars.pdf.cdc 9 43
AwesomeListofAdvancedDistributedSystemsPapers.pdf.cdc 6 38
MachineVM+CloudAPI-RewritingtheCloudfromScratch.pdf.cdc 221 289
BigDataCounting-Howtocountabilliondistinctobjectsusingonly1.5KBofMemory.pdf.cdc 17 57
Facebook'sNewReal-timeMessagingSystem-HBasetoStore135+BillionMessagesaMonth.pdf.cdc 14 55
BuildingScalableSystemsUsingDataasaCompositeMaterial.pdf.cdc 19 67
AreCloudBasedMemoryArchitecturestheNextBigThing.pdf.cdc 370 474
CellArchitectures.pdf.cdc 25 70
UsingGossipProtocolsforFailureDetectionMonitoringMessagingandOtherGoodThings.pdf.cdc 24 76
HowGoogleServesDatafromMultipleDatacenters.pdf.cdc 19 60
CloudProgrammingDirectlyFeedsCostAllocationBackintoSoftwareDesign.pdf.cdc 3 41
Common.Lisp.The.Language.2nd.Edition.pdf.cdc 3104 3425
CompilingwithContinuations.pdf.cdc 1857 2071
ComputerSystem-Aprogrammer'sperspective.pdf.cdc 3373 3695
concurrencycontrolandrecovery.pdf.cdc 109 184
Core.Python.Programming,2nd.Edition.pdf.cdc 7238 8112
CTrapsandPitfalls.pdf.cdc 3640 4013
datacenter.pdf.cdc 4416 4850
HowGoogleServesDatafromMultipleDatacenters.pdf.cdc 107 167
PursuerobustindefinitescalabilitywiththeMovableFeastMachine.pdf.cdc 11326 12137
The.C.Programming.Language.chm.cdc 4637 5101
AreCloudBasedMemoryArchitecturestheNextBigThing.pdf.cdc 28 76
diveintopython.pdf.cdc 901 1081
AreCloudBasedMemoryArchitecturestheNextBigThing.pdf.cdc 17 54
Large-ScaleDataandComputation.pdf.cdc 126 197
Facebook'sNewReal-timeMessagingSystem-HBasetoStore135+BillionMessagesaMonth.pdf.cdc 29 68
TheEtsySaga-FromSilostoHappytoBillionsofPageviewsaMonth.pdf.cdc 24 63
Facebookat13MillionQueriesPerSecondRecommends-MinimizeRequestVariance.pdf.cdc 27 69
FacebookTimeline-BroughttoYoubythePowerofDenormalization.pdf.cdc 18 57
FAT32.pdf.cdc 1633 1823
StackOverflowArchitecture.pdf.cdc 17 53
freedom.pdf.cdc 7783 8527
GCC-DARE-2009-hellogcc.pdf.cdc 36 87
glibc.pdf.cdc 3310 3685
Howwillmemristorschangeeverything.pdf.cdc 15 56
GridGain-OneComputeGrid,ManyDataGrids.pdf.cdc 17 52
Google+isBuiltUsingToolsYouCanUseToo-ClosureJavaServletsJavaScriptBigTableColossusQuickTurnaround.pdf.cdc 19 60
LogEverythingAlltheTime.pdf.cdc 26 66
GoogleProTip-UseBack-of-the-envelope-calculationstoChoosetheBestDesign.pdf.cdc 12 55
Google'sColossusMakesSearchReal-timebyDumpingMapReduce.pdf.cdc 18 64
GoogleSpanner'sMostSurprisingRevelation-NoSQLisOutandNewSQLisIn.pdf.cdc 26 73
GoogleonLatencyTolerantSystems-MakingaPredictableWholeOutofUnpredictableParts.pdf.cdc 40 86
GPUvsCPUSmackdown-TheRiseofThroughput-OrientedArchitectures.pdf.cdc 25 67
GridGain-OneComputeGrid,ManyDataGrids.pdf.cdc 11 48
HerokuEmergencyStrategy-IncidentCommandSystemand8HourOpsRotationsforFreshMinds.pdf.cdc 17 56
HowGoogleServesDatafromMultipleDatacenters.pdf.cdc 14 48
HowGoogleServesDatafromMultipleDatacenters.pdf.cdc 10 47
AreCloudBasedMemoryArchitecturestheNextBigThing.pdf.cdc 34 69
AreCloudBasedMemoryArchitecturestheNextBigThing.pdf.cdc 21 58
GoogleSpanner'sMostSurprisingRevelation-NoSQLisOutandNewSQLisIn.pdf.cdc 12 49
Howwillmemristorschangeeverything.pdf.cdc 72 132
InformationTheory.pdf.cdc 8149 8873
TheInstagramArchitectureFacebookBoughtforaCoolBillionDollars.pdf.cdc 19 56
Intel64andIA-32Architectures.pdf.cdc 2627 2903
Introduction_to_computing_systems.pdf.cdc 9447 10361
MachineVM+CloudAPI-RewritingtheCloudfromScratch.pdf.cdc 18 55
IsNode.jsBecomingaPartoftheStackSimpleGeoSaysYes.pdf.cdc 11 58
Javascript-TheDefinitiveGuide6th.pdf.cdc 8027 8720
JimStarkeyisCreatingaBraveNewWorldbyRethinkingDatabasesfortheCloud.pdf.cdc 18 53
JoeArmstrong_thesis_2003.pdf.cdc 545 667
Justin.tv'sLiveVideoBroadcastingArchitecture.pdf.cdc 86 151
PursuerobustindefinitescalabilitywiththeMovableFeastMachine.pdf.cdc 11326 12137
AreCloudBasedMemoryArchitecturestheNextBigThing.pdf.cdc 38 85
PlentyOfFishArchitecture.pdf.cdc 16 56
linux-io-stack-diagram_v1.0.pdf.cdc 1 24
microArchitecture.pdf.cdc 3545 4101
Large-ScaleDataandComputation.pdf.cdc 1853 2071
LogEverythingAlltheTime.pdf.cdc 6 41
logical_volume_management_whitepaper.pdf.cdc 208 284
MachineVM+CloudAPI-RewritingtheCloudfromScratch.pdf.cdc 17 51
mapreduce-osdi04.pdf.cdc 85 140
35+UseCasesforChoosingYourNextNoSQLDatabase.pdf.cdc 77 127
35+UseCasesforChoosingYourNextNoSQLDatabase.pdf.cdc 74 126
microArchitecture.pdf.cdc 979 1138
mindhacker.pdf.cdc 1899 2120
7LessonsLearnedWhileBuildingRedditto270MillionPageViewsaMonth.pdf.cdc 182 250
AreCloudBasedMemoryArchitecturestheNextBigThing.pdf.cdc 40 79
multithread.pdf.cdc 137 194
Mustsee-5StepstoScalingMongoDB(OrAnyDB)in8Minutes.pdf.cdc 9 44
MySQLandMemcached-EndofanEra.pdf.cdc 13 48
Netflix-ContinuallyTestbyFailingServerswithChaosMonkey.pdf.cdc 9 43
TheStateofNoSQLin2012.pdf.cdc 14 49
microArchitecture.pdf.cdc 5784 6282
offer.pdf.cdc 15629 17143
OReilly-LearningtheUNIXOperatingSystem.pdf.cdc 667 812
os-zswap.pdf.cdc 30 75
Paper-OnDesigningandDeployingInternet-ScaleServices.pdf.cdc 3 36
Paper-TheAkamaiNetwork-61000servers1000networks70countries.pdf.cdc 9 41
UsingGossipProtocolsforFailureDetectionMonitoringMessagingandOtherGoodThings.pdf.cdc 10 39
paralellprogramming.pdf.cdc 2719 3055
PeechoArchitecture-scalabilityonashoestring.pdf.cdc 117 185
PinterestArchitectureUpdate-18MillionVisitors10xGrowth12Employees410TBofData.pdf.cdc 14 48
HowGoogleServesDatafromMultipleDatacenters.pdf.cdc 70 125
PlentyOfFishArchitecture.pdf.cdc 11 48
AreCloudBasedMemoryArchitecturestheNextBigThing.pdf.cdc 46 93
Professional_Linux_kernel_architecture.pdf.cdc 5418 5952
Programming_Erlang.pdf.cdc 1798 2049
programming.pdf.cdc 2092 2323
Programming.Pearls2.pdf.cdc 464 570
PursuerobustindefinitescalabilitywiththeMovableFeastMachine.pdf.cdc 26 67
qr_code.pdf.cdc 528 648
HowGoogleServesDatafromMultipleDatacenters.pdf.cdc 302 381
ScalingMemcacheatFacebook.pdf.cdc 219 289
ScalingSecret#2-DenormalizingYourWaytoSpeedandProfit.pdf.cdc 6 37
TaggedArchitecture-Scalingto100MillionUsers1000Serversand5BillionPageViews.pdf.cdc 26 72
ScalingTraffic-PeoplePodPoolofOnDemandSelfDrivingRoboticCarswhoAutomaticallyRefuelfromCheapSolar.pdf.cdc 55 103
ScalingSecret#2-DenormalizingYourWaytoSpeedandProfit.pdf.cdc 16 52
scheme.pdf.cdc 1461 1643
SegmentationfaultinLinux.pdf.cdc 171 244
SevenSignsYouMayNeedaNoSQLDatabase.pdf.cdc 13 50
LogEverythingAlltheTime.pdf.cdc 11 46
ThinkingInJava.pdf.cdc 1710 1957
sphinx_doc_zhcn_0.9.pdf.cdc 398 488
StackExchangeArchitectureUpdates-RunningSmoothlyAmazon4xMoreExpensive.pdf.cdc 11 47
StackOverflowArchitecture.pdf.cdc 20 61
StackOverflowMakesSlowPages100xFasterbySimpleSQLTuning.pdf.cdc 5 38
HowGoogleServesDatafromMultipleDatacenters.pdf.cdc 55 107
Strategy-BreakUptheMemcacheDogPile.pdf.cdc 9 38
10GoldenPrinciplesForBuildingSuccessfulMobile-WebApplications.pdf.cdc 6 40
TaggedArchitecture-Scalingto100MillionUsers1000Serversand5BillionPageViews.pdf.cdc 5 42
StructureAndInterpretationOfComputerPrograms.pdf.cdc 1716 1956
systemTap_tutorial.pdf.cdc 50 108
TaggedArchitecture-Scalingto100MillionUsers1000Serversand5BillionPageViews.pdf.cdc 152 226
tcpipVolume1protocols.pdf.cdc 1733 1978
TheAnatomyofSearchTechnology-CrawlingusingCombinators.pdf.cdc 24 69
TheAnatomyofSearchTechnology-CrawlingusingCombinators.pdf.cdc 22 55
The.AWK.Programming.Language.pdf.cdc 5763 6325
AreCloudBasedMemoryArchitecturestheNextBigThing.pdf.cdc 18 51
TheCleverWaysChromeHidesLatencybyAnticipatingYourEveryNeed.pdf.cdc 13 51
The.C.Programming.Language.chm.cdc 120 183
Facebook'sNewRealtimeAnalyticsSystem-HBasetoProcess20BillionEventsPerDay.pdf.cdc 20 59
TheInstagramArchitectureFacebookBoughtforaCoolBillionDollars.pdf.cdc 11 51
TheMotherofAllDatabaseNormalizationDebatesonCodingHorror.pdf.cdc 13 48
HowGoogleServesDatafromMultipleDatacenters.pdf.cdc 346 434
TheRoadtoSerfdom.pdf.cdc 648 762
TheStateofNoSQLin2012.pdf.cdc 532 636
TheThreeAgesofGoogle-BatchWarehouseInstant.pdf.cdc 18 67
TheUpdatedBigListofArticlesontheAmazonOutage.pdf.cdc 26 77
ThinkingInJava.pdf.cdc 4261 5079
ThinkofLatencyasaPseudo-permanentNetworkPartition.pdf.cdc 14 52
Thisstuffisn'ttaught,youlearnitbitbybitasyousolveeachproblem.pdf.cdc 14 47
timing-wheels.pdf.cdc 635 738
AreCloudBasedMemoryArchitecturestheNextBigThing.pdf.cdc 38 81
35+UseCasesforChoosingYourNextNoSQLDatabase.pdf.cdc 34 82
AreCloudBasedMemoryArchitecturestheNextBigThing.pdf.cdc 28 72
The.C.Programming.Language.chm.cdc 2022 2223
UnderstandingTheLinuxKernel.pdf.cdc 2231 2450
The.C.Programming.Language.chm.cdc 853 966
multithread.pdf.cdc 10084 10961
UsingGossipProtocolsforFailureDetectionMonitoringMessagingandOtherGoodThings.pdf.cdc 9 54
PeechoArchitecture-scalabilityonashoestring.pdf.cdc 27 78
vm-tlbs.pdf.cdc 55 106
VMware_paravirtualization.pdf.cdc 977 1121
VoltDBDecapitatesSixSQLUrbanMythsandDeliversInternetScaleOLTPintheProcess.pdf.cdc 91 164
WhatEveryProgrammerShouldKnowAboutMemory.pdf.cdc 605 700
HowGoogleServesDatafromMultipleDatacenters.pdf.cdc 61 110
MachineVM+CloudAPI-RewritingtheCloudfromScratch.pdf.cdc 35 82
WhyareFacebookDiggandTwittersohardtoscale.pdf.cdc 9 43
The.C.Programming.Language.chm.cdc 4998 5276
AreCloudBasedMemoryArchitecturestheNextBigThing.pdf.cdc 64 122
YouTubeArchitecture.pdf.cdc 9 48
ZooKeeper-AReliable,ScalableDistributedCoordinationSystem.pdf.cdc 12 49
