101QuestionstoAskWhenConsideringaNoSQLDatabase.pdf.cdc 4 43
10CoreArchitecturePatternVariationsforAchievingScalability.pdf.cdc 4 46
10GoldenPrinciplesForBuildingSuccessfulMobile-WebApplications.pdf.cdc 7 58
11CommonWebUseCasesSolvedinRedis.pdf.cdc 7 43
17TechniquesUsedtoScaleTurntable.fmandLabmeetingtoMillionsofUsers.pdf.cdc 5 50
TroubleswithSharding-WhatcanwelearnfromtheFoursquareIncident.pdf.cdc 7 59
5ScalabilityPoisonsand3CloudScalabilityAntidotes.pdf.cdc 1 35
6LessonsfromDropbox-OneMillionFilesSavedEvery15minutes.pdf.cdc 5 57
6WaysNottoScalethatWillMakeYouHipPopularandLovedByVCs.pdf.cdc 6 42
TaggedArchitecture-Scalingto100MillionUsers1000Serversand5BillionPageViews.pdf.cdc 5 47
7DesignPatternsforAlmost-infiniteScalability.pdf.cdc 2 44
7LessonsLearnedWhileBuildingRedditto270MillionPageViewsaMonth.pdf.cdc 31 104
ScalingSpamEradicationUsingPurposefulGames-DieSpammerDie.pdf.cdc 4 44
HowGoogleServesDatafromMultipleDatacenters.pdf.cdc 5 52
8CommonlyUsedScalableSystemDesignPatterns.pdf.cdc 2 34
AMathematicalIntroductiontoDataScience.pdf.cdc 2086 2400
Justin.tv'sLiveVideoBroadcastingArchitecture.pdf.cdc 7 55
PrismaticArchitecture-UsingMachineLearningonSocialNetworkstoFigureOutWhatYouShouldReadontheWeb.pdf.cdc 629 799
AnIntroductiontolibuv.pdf.cdc 102 197
AnUnorthodoxApproachtoDatabaseDesign-TheComingoftheShard.pdf.cdc 5 48
TheCanonicalCloudArchitecture.pdf.cdc 75 168
ASchoolInEveryVillage.pdf.cdc 230 348
Facebook'sNewRealtimeAnalyticsSystem-HBasetoProcess20BillionEventsPerDay.pdf.cdc 16 69
AStudyofLinuxFileSystemEvolution(Fast13).pdf.cdc 154 262
AStudyofPracticalDeduplication.pdf.cdc 383 522
a_survey_of_dfs.pdf.cdc 387 516
TheInstagramArchitectureFacebookBoughtforaCoolBillionDollars.pdf.cdc 3 43
AwesomeListofAdvancedDistributedSystemsPapers.pdf.cdc 2 38
AztecEmpireStrategy-UseDualPipesinYourAqueductforHighAvailability.pdf.cdc 172 289
StackExchangeArchitectureUpdates-RunningSmoothlyAmazon4xMoreExpensive.pdf.cdc 11 57
Facebook'sNewReal-timeMessagingSystem-HBasetoStore135+BillionMessagesaMonth.pdf.cdc 10 55
BuildingScalableSystemsUsingDataasaCompositeMaterial.pdf.cdc 9 67
AreCloudBasedMemoryArchitecturestheNextBigThing.pdf.cdc 343 474
CellArchitectures.pdf.cdc 12 70
Paper-TheEndofanArchitecturalEra(It'sTimeforaCompleteRewrite).pdf.cdc 18 76
HowGoogleServesDatafromMultipleDatacenters.pdf.cdc 10 60
CloudProgrammingDirectlyFeedsCostAllocationBackintoSoftwareDesign.pdf.cdc 3 41
Common.Lisp.The.Language.2nd.Edition.pdf.cdc 2992 3425
CompilingwithContinuations.pdf.cdc 1800 2071
ComputerSystem-Aprogrammer'sperspective.pdf.cdc 3313 3695
concurrencycontrolandrecovery.pdf.cdc 84 184
Core.Python.Programming,2nd.Edition.pdf.cdc 7083 8112
CTrapsandPitfalls.pdf.cdc 3553 4013
datacenter.pdf.cdc 4282 4850
HowGoogleServesDatafromMultipleDatacenters.pdf.cdc 83 167
PursuerobustindefinitescalabilitywiththeMovableFeastMachine.pdf.cdc 11223 12137
The.C.Programming.Language.chm.cdc 4571 5101
ThinkingInJava.pdf.cdc 13 76
diveintopython.pdf.cdc 852 1081
AreCloudBasedMemoryArchitecturestheNextBigThing.pdf.cdc 4 54
Large-ScaleDataandComputation.pdf.cdc 98 197
Facebook'sNewReal-timeMessagingSystem-HBasetoStore135+BillionMessagesaMonth.pdf.cdc 17 68
TheEtsySaga-FromSilostoHappytoBillionsofPageviewsaMonth.pdf.cdc 13 63
Facebookat13MillionQueriesPerSecondRecommends-MinimizeRequestVariance.pdf.cdc 18 69
FacebookTimeline-BroughttoYoubythePowerofDenormalization.pdf.cdc 6 57
FAT32.pdf.cdc 1512 1823
StackOverflowArchitecture.pdf.cdc 10 53
freedom.pdf.cdc 7698 8527
GCC-DARE-2009-hellogcc.pdf.cdc 20 87
glibc.pdf.cdc 3169 3685
GoogleAppEngine-ASecondLook.pdf.cdc 4 56
GoogleArchitecture.pdf.cdc 11 52
Google+isBuiltUsingToolsYouCanUseToo-ClosureJavaServletsJavaScriptBigTableColossusQuickTurnaround.pdf.cdc 13 60
LogEverythingAlltheTime.pdf.cdc 12 66
CloudProgrammingDirectlyFeedsCostAllocationBackintoSoftwareDesign.pdf.cdc 7 55
Google'sColossusMakesSearchReal-timebyDumpingMapReduce.pdf.cdc 4 64
GoogleSpanner'sMostSurprisingRevelation-NoSQLisOutandNewSQLisIn.pdf.cdc 17 73
GoogleonLatencyTolerantSystems-MakingaPredictableWholeOutofUnpredictableParts.pdf.cdc 30 86
35+UseCasesforChoosingYourNextNoSQLDatabase.pdf.cdc 16 67
GridGain-OneComputeGrid,ManyDataGrids.pdf.cdc 5 48
HerokuEmergencyStrategy-IncidentCommandSystemand8HourOpsRotationsforFreshMinds.pdf.cdc 5 56
HowGoogleServesDatafromMultipleDatacenters.pdf.cdc 4 48
HowGoogleServesDatafromMultipleDatacenters.pdf.cdc 2 47
PrismaticArchitecture-UsingMachineLearningonSocialNetworkstoFigureOutWhatYouShouldReadontheWeb.pdf.cdc 12 69
AreCloudBasedMemoryArchitecturestheNextBigThing.pdf.cdc 12 58
GoogleSpanner'sMostSurprisingRevelation-NoSQLisOutandNewSQLisIn.pdf.cdc 6 49
Howwillmemristorschangeeverything.pdf.cdc 58 132
InformationTheory.pdf.cdc 8070 8873
TheInstagramArchitectureFacebookBoughtforaCoolBillionDollars.pdf.cdc 7 56
Intel64andIA-32Architectures.pdf.cdc 2548 2903
Introduction_to_computing_systems.pdf.cdc 9315 10361
MachineVM+CloudAPI-RewritingtheCloudfromScratch.pdf.cdc 11 55
IsNode.jsBecomingaPartoftheStackSimpleGeoSaysYes.pdf.cdc 11 58
Javascript-TheDefinitiveGuide6th.pdf.cdc 7924 8720
JimStarkeyisCreatingaBraveNewWorldbyRethinkingDatabasesfortheCloud.pdf.cdc 6 53
JoeArmstrong_thesis_2003.pdf.cdc 529 667
Justin.tv'sLiveVideoBroadcastingArchitecture.pdf.cdc 67 151
PursuerobustindefinitescalabilitywiththeMovableFeastMachine.pdf.cdc 11220 12137
AreCloudBasedMemoryArchitecturestheNextBigThing.pdf.cdc 30 85
PlentyOfFishArchitecture.pdf.cdc 9 56
linux-io-stack-diagram_v1.0.pdf.cdc 0 24
microArchitecture.pdf.cdc 3458 4101
Large-ScaleDataandComputation.pdf.cdc 1791 2071
LogEverythingAlltheTime.pdf.cdc 4 41
logical_volume_management_whitepaper.pdf.cdc 170 284
MachineVM+CloudAPI-RewritingtheCloudfromScratch.pdf.cdc 4 51
mapreduce-osdi04.pdf.cdc 55 140
35+UseCasesforChoosingYourNextNoSQLDatabase.pdf.cdc 36 127
35+UseCasesforChoosingYourNextNoSQLDatabase.pdf.cdc 37 126
microArchitecture.pdf.cdc 886 1138
mindhacker.pdf.cdc 1840 2120
Misco-AMapReduceFrameworkforMobileSystems-StartoftheAmbientCloud.pdf.cdc 144 250
PrismaticArchitecture-UsingMachineLearningonSocialNetworkstoFigureOutWhatYouShouldReadontheWeb.pdf.cdc 22 79
multithread.pdf.cdc 96 194
Mustsee-5StepstoScalingMongoDB(OrAnyDB)in8Minutes.pdf.cdc 3 44
MySQLandMemcached-EndofanEra.pdf.cdc 5 48
Netflix-ContinuallyTestbyFailingServerswithChaosMonkey.pdf.cdc 2 43
TheStateofNoSQLin2012.pdf.cdc 7 49
microArchitecture.pdf.cdc 5667 6282
offer.pdf.cdc 15611 17143
OReilly-LearningtheUNIXOperatingSystem.pdf.cdc 599 812
os-zswap.pdf.cdc 18 75
Paper-OnDesigningandDeployingInternet-ScaleServices.pdf.cdc 2 36
Paper-TheAkamaiNetwork-61000servers1000networks70countries.pdf.cdc 5 41
UsingGossipProtocolsforFailureDetectionMonitoringMessagingandOtherGoodThings.pdf.cdc 4 39
paralellprogramming.pdf.cdc 2662 3055
PeechoArchitecture-scalabilityonashoestring.pdf.cdc 83 185
PinterestArchitectureUpdate-18MillionVisitors10xGrowth12Employees410TBofData.pdf.cdc 8 48
HowGoogleServesDatafromMultipleDatacenters.pdf.cdc 43 125
PlentyOfFishArchitecture.pdf.cdc 4 48
HowtoSucceedatCapacityPlanningWithoutReallyTrying-AnInterviewwithFlickr'sJohnAllspawonHisNewBook.pdf.cdc 29 93
Professional_Linux_kernel_architecture.pdf.cdc 5318 5952
Programming_Erlang.pdf.cdc 1767 2049
programming.pdf.cdc 2010 2323
Programming.Pearls2.pdf.cdc 445 570
PursuerobustindefinitescalabilitywiththeMovableFeastMachine.pdf.cdc 9 67
qr_code.pdf.cdc 481 648
HowGoogleServesDatafromMultipleDatacenters.pdf.cdc 276 381
ScalingMemcacheatFacebook.pdf.cdc 189 289
ScalingSecret#2-DenormalizingYourWaytoSpeedandProfit.pdf.cdc 2 37
TaggedArchitecture-Scalingto100MillionUsers1000Serversand5BillionPageViews.pdf.cdc 11 72
ScalingTraffic-PeoplePodPoolofOnDemandSelfDrivingRoboticCarswhoAutomaticallyRefuelfromCheapSolar.pdf.cdc 38 103
17TechniquesUsedtoScaleTurntable.fmandLabmeetingtoMillionsofUsers.pdf.cdc 7 52
scheme.pdf.cdc 1386 1643
SegmentationfaultinLinux.pdf.cdc 143 244
SevenSignsYouMayNeedaNoSQLDatabase.pdf.cdc 5 50
LogEverythingAlltheTime.pdf.cdc 5 46
ThinkingInJava.pdf.cdc 1672 1957
sphinx_doc_zhcn_0.9.pdf.cdc 355 488
StackExchangeArchitectureUpdates-RunningSmoothlyAmazon4xMoreExpensive.pdf.cdc 4 47
StackOverflowArchitecture.pdf.cdc 9 61
StackOverflowMakesSlowPages100xFasterbySimpleSQLTuning.pdf.cdc 2 38
HowGoogleServesDatafromMultipleDatacenters.pdf.cdc 37 107
Strategy-BreakUptheMemcacheDogPile.pdf.cdc 3 38
10GoldenPrinciplesForBuildingSuccessfulMobile-WebApplications.pdf.cdc 3 40
6WaystoKillYourServers-LearningHowtoScaletheHardWay.pdf.cdc 5 42
StructureAndInterpretationOfComputerPrograms.pdf.cdc 1639 1956
systemTap_tutorial.pdf.cdc 35 108
6WaystoKillYourServers-LearningHowtoScaletheHardWay.pdf.cdc 112 226
tcpipVolume1protocols.pdf.cdc 1669 1978
TheAnatomyofSearchTechnology-CrawlingusingCombinators.pdf.cdc 18 69
TheAnatomyofSearchTechnology-CrawlingusingCombinators.pdf.cdc 6 55
The.AWK.Programming.Language.pdf.cdc 5661 6325
AreCloudBasedMemoryArchitecturestheNextBigThing.pdf.cdc 7 51
TheCleverWaysChromeHidesLatencybyAnticipatingYourEveryNeed.pdf.cdc 9 51
The.C.Programming.Language.chm.cdc 84 183
Facebook'sNewRealtimeAnalyticsSystem-HBasetoProcess20BillionEventsPerDay.pdf.cdc 11 59
TheInstagramArchitectureFacebookBoughtforaCoolBillionDollars.pdf.cdc 2 51
TheMotherofAllDatabaseNormalizationDebatesonCodingHorror.pdf.cdc 5 48
HowGoogleServesDatafromMultipleDatacenters.pdf.cdc 313 434
TheRoadtoSerfdom.pdf.cdc 584 762
TheStateofNoSQLin2012.pdf.cdc 496 636
ScalingSecret#2-DenormalizingYourWaytoSpeedandProfit.pdf.cdc 13 67
TheUpdatedBigListofArticlesontheAmazonOutage.pdf.cdc 18 77
ThinkingInJava.pdf.cdc 4246 5079
ThinkofLatencyasaPseudo-permanentNetworkPartition.pdf.cdc 8 52
Thisstuffisn'ttaught,youlearnitbitbybitasyousolveeachproblem.pdf.cdc 4 47
timing-wheels.pdf.cdc 582 738
AreCloudBasedMemoryArchitecturestheNextBigThing.pdf.cdc 18 81
TroubleswithSharding-WhatcanwelearnfromtheFoursquareIncident.pdf.cdc 19 82
PrismaticArchitecture-UsingMachineLearningonSocialNetworkstoFigureOutWhatYouShouldReadontheWeb.pdf.cdc 15 72
The.C.Programming.Language.chm.cdc 1967 2223
UnderstandingTheLinuxKernel.pdf.cdc 2148 2450
The.C.Programming.Language.chm.cdc 791 966
multithread.pdf.cdc 10002 10961
UsingGossipProtocolsforFailureDetectionMonitoringMessagingandOtherGoodThings.pdf.cdc 7 54
PeechoArchitecture-scalabilityonashoestring.pdf.cdc 16 78
vm-tlbs.pdf.cdc 37 106
VMware_paravirtualization.pdf.cdc 941 1121
VoltDBDecapitatesSixSQLUrbanMythsandDeliversInternetScaleOLTPintheProcess.pdf.cdc 74 164
WhatEveryProgrammerShouldKnowAboutMemory.pdf.cdc 543 700
HowGoogleServesDatafromMultipleDatacenters.pdf.cdc 31 110
TroubleswithSharding-WhatcanwelearnfromtheFoursquareIncident.pdf.cdc 18 82
WhyareFacebookDiggandTwittersohardtoscale.pdf.cdc 5 43
The.C.Programming.Language.chm.cdc 4890 5276
AreCloudBasedMemoryArchitecturestheNextBigThing.pdf.cdc 47 122
YouTubeArchitecture.pdf.cdc 5 48
ZooKeeper-AReliable,ScalableDistributedCoordinationSystem.pdf.cdc 5 49
