apache-ant-1.9.2-src.tar.gz.cdc 2798 3042
casket.kch.cdc 3046 3076
ChangeLog.cdc 81 106
com.douban.radio_105.apk.cdc 1652 1803
coreseek-3.2.14.tar.gz.cdc 2951 3185
download.php?file=%2Ftechnology%2Fepp%2Fdownloads%2Frelease%2Fkepler%2FSR1%2Feclipse-standard-kepler-SR1-linux-gtk.tar.gz.1.cdc 6 22
download.php?file=%2Ftechnology%2Fepp%2Fdownloads%2Frelease%2Fkepler%2FSR1%2Feclipse-standard-kepler-SR1-linux-gtk.tar.gz.1.cdc 2 21
FastDFS_v4.06.tar.gz.cdc 248 306
go1.1.2.linux-386.tar.gz.cdc 22991 24296
kyotocabinet-python-legacy-1.18.tar.gz.cdc 17 45
libevent-2.0.21-stable.tar.gz.cdc 546 627
libxml2-2.7.2.tar.gz.cdc 380 458
libxml2-2.9.0.tar.gz.cdc 3644 3959
LICENSE.cdc 8 31
lucene-3.6.0.zip.cdc 46676 47703
mmseg-1.3.0.tar.gz.cdc 532 615
nginx-1.5.3.tar.gz.cdc 509 586
npm-debug.log.cdc 2 13
pycharm-community-3.0.2.tar.gz.cdc 64440 66431
lucene-3.6.0.zip.cdc 3210 33537
pymmseg-cpp-linux-i386-1.0.1.tar.gz.cdc 519 588
rabbitmq-server-3.1.5-1.noarch.rpm.cdc 2747 2974
simplejson-3.3.1.tar.gz.cdc 30 53
test.cdc 291 334
test.db.cdc 0 7
unqlite.h.cdc 24 1414
unqlite-db-20130825-116.zip.cdc 329 389
unqlite.h.cdc 13 35
zookeeper-3.4.5.tar.gz.cdc 11732 12471
