apache-ant-1.9.2-src.tar.gz.cdc 2726 3042
casket.kch.cdc 3030 3076
ChangeLog.cdc 56 106
com.douban.radio_105.apk.cdc 1623 1803
coreseek-3.2.14.tar.gz.cdc 2898 3185
download.php?file=%2Ftechnology%2Fepp%2Fdownloads%2Frelease%2Fkepler%2FSR1%2Feclipse-standard-kepler-SR1-linux-gtk.tar.gz.1.cdc 3 22
download.php?file=%2Ftechnology%2Fepp%2Fdownloads%2Frelease%2Fkepler%2FSR1%2Feclipse-standard-kepler-SR1-linux-gtk.tar.gz.1.cdc 2 21
FastDFS_v4.06.tar.gz.cdc 226 306
go1.1.2.linux-386.tar.gz.cdc 22573 24296
kyotocabinet-python-legacy-1.18.tar.gz.cdc 11 45
libevent-2.0.21-stable.tar.gz.cdc 502 627
libxml2-2.7.2.tar.gz.cdc 370 458
libxml2-2.9.0.tar.gz.cdc 3581 3959
LICENSE.cdc 5 31
lucene-3.6.0.zip.cdc 43966 47703
mmseg-1.3.0.tar.gz.cdc 505 615
nginx-1.5.3.tar.gz.cdc 486 586
npm-debug.log.cdc 0 13
pycharm-community-3.0.2.tar.gz.cdc 63456 66431
lucene-3.6.0.zip.cdc 31749 33537
pymmseg-cpp-linux-i386-1.0.1.tar.gz.cdc 479 588
rabbitmq-server-3.1.5-1.noarch.rpm.cdc 2694 2974
simplejson-3.3.1.tar.gz.cdc 15 53
test.cdc 249 334
test.db.cdc 0 7
unqlite.h.cdc 1239 1414
unqlite-db-20130825-116.zip.cdc 304 389
unqlite.h.cdc 4 35
zookeeper-3.4.5.tar.gz.cdc 11492 12471
