AdvertisingSpace.mp3.cdc 2201 2516
HereWithoutYou.mp3.cdc 4129 4585
ALWAYSONMYMIND.mp3.cdc 3570 4012
Animals.mp3.cdc 3001 3422
BreakingTheHabit(AlbumVersion).mp3.cdc 3880 4362
BAMBOO(2006FIFAWORLDCUPMIX).mp3.cdc 3523 3958
IBELIEVEINYOU(JECROISENTOI).mp3.cdc 3630 4099
Cinderella.mp3.cdc 2951 3311
BreakingTheHabit(AlbumVersion).mp3.cdc 2652 3065
BreakingTheHabit(AlbumVersion).mp3.cdc 3158 3577
BritneySpears-Cinderella.mp3.cdc 3616 4040
BritneySpears-Circus.mp3.cdc 3734 4184
BreakingTheHabit(AlbumVersion).mp3.cdc 2664 3032
BuckleUpOnChuggeluckHeaven.mp3.cdc 2709 3067
BreakingTheHabit(AlbumVersion).mp3.cdc 4500 5002
BreakingTheHabit(AlbumVersion).mp3.cdc 1692 1954
CoverGirl.mp3.cdc 2318 2636
BreakingTheHabit(AlbumVersion).mp3.cdc 3362 3783
DavaiZa.mp3.cdc 4130 4620
Destiny-JimBrickman.mp3.cdc 3658 4143
Don'tLetTheSunGoDownOnMe.mp3.cdc 3755 4233
BreakingTheHabit(AlbumVersion).mp3.cdc 3039 3429
DreamingOfYou.mp3.cdc 2592 2910
Drive.mp3.cdc 3830 4289
EmotionDestinysChild.mp3.cdc 3831 4325
BreakingTheHabit(AlbumVersion).mp3.cdc 3230 3648
Evelyn-FunnyBunnyBoy.mp3.cdc 2906 3285
Everythingallthetime.mp3.cdc 4455 4979
IBELIEVEINYOU(JECROISENTOI).mp3.cdc 3427 3864
FairyTale.mp3.cdc 4253 4783
FarAway.mp3.cdc 4000 4410
Feelings.mp3.cdc 2546 2877
BreakingTheHabit(AlbumVersion).mp3.cdc 3096 3449
Fly.mp3.cdc 3612 4063
GetWhatIWant.mp3.cdc 4478 5010
BreakingTheHabit(AlbumVersion).mp3.cdc 4072 4567
BreakingTheHabit(AlbumVersion).mp3.cdc 3920 4393
BreakingTheHabit(AlbumVersion).mp3.cdc 1749 2040
Hello.mp3.cdc 4245 4805
BreakingTheHabit(AlbumVersion).mp3.cdc 3898 4366
BreakingTheHabit(AlbumVersion).mp3.cdc 4187 4670
HowYouRemindMe.mp3.cdc 3705 4129
BreakingTheHabit(AlbumVersion).mp3.cdc 4171 4693
IBELIEVEINYOU(JECROISENTOI).mp3.cdc 4032 4544
ICanOnlyImagine-MercyMe.mp3.cdc 4031 4535
ICouldBeTheOne.mp3.cdc 3658 4116
IfEveryoneCared.mp3.cdc 3533 3980
If.mp3.cdc 2535 2865
BreakingTheHabit(AlbumVersion).mp3.cdc 2125 2445
BreakingTheHabit(AlbumVersion).mp3.cdc 4675 5279
BreakingTheHabit(AlbumVersion).mp3.cdc 2858 3226
BreakingTheHabit(AlbumVersion).mp3.cdc 4088 4598
BreakingTheHabit(AlbumVersion).mp3.cdc 3467 3920
IReallyLoveToSeeYouTonig.mp3.cdc 4513 5007
Itneverrainsinsoutherncalifornia.mp3.cdc 3788 4262
