AdvertisingSpace.mp3.cdc 2303 2516
HowAmISupposedToLiveWith.mp3.cdc 4242 4585
ALWAYSONMYMIND.mp3.cdc 3667 4012
Animals.mp3.cdc 3166 3422
BreakingTheHabit(AlbumVersion).mp3.cdc 4004 4362
BAMBOO(2006FIFAWORLDCUPMIX).mp3.cdc 3695 3958
IBELIEVEINYOU(JECROISENTOI).mp3.cdc 3746 4099
Cinderella.mp3.cdc 3054 3311
BreakingTheHabit(AlbumVersion).mp3.cdc 2798 3065
BreakingTheHabit(AlbumVersion).mp3.cdc 3281 3577
BritneySpears-Cinderella.mp3.cdc 3755 4040
BritneySpears-Circus.mp3.cdc 3837 4184
BreakingTheHabit(AlbumVersion).mp3.cdc 2757 3032
BuckleUpOnChuggeluckHeaven.mp3.cdc 2792 3067
BreakingTheHabit(AlbumVersion).mp3.cdc 4624 5002
BreakingTheHabit(AlbumVersion).mp3.cdc 1762 1954
CoverGirl.mp3.cdc 2429 2636
BreakingTheHabit(AlbumVersion).mp3.cdc 3495 3783
DavaiZa.mp3.cdc 4249 4620
Destiny-JimBrickman.mp3.cdc 3825 4143
Don'tLetTheSunGoDownOnMe.mp3.cdc 3871 4233
BreakingTheHabit(AlbumVersion).mp3.cdc 3127 3429
DreamingOfYou.mp3.cdc 2655 2910
Drive.mp3.cdc 3958 4289
EmotionDestinysChild.mp3.cdc 3980 4325
BreakingTheHabit(AlbumVersion).mp3.cdc 3342 3648
Evelyn-FunnyBunnyBoy.mp3.cdc 3054 3285
Everythingallthetime.mp3.cdc 4555 4979
IBELIEVEINYOU(JECROISENTOI).mp3.cdc 3572 3864
FairyTale.mp3.cdc 4425 4783
FarAway.mp3.cdc 4069 4410
Feelings.mp3.cdc 2668 2877
BreakingTheHabit(AlbumVersion).mp3.cdc 3197 3449
Fly.mp3.cdc 3696 4063
GetWhatIWant.mp3.cdc 4611 5010
BreakingTheHabit(AlbumVersion).mp3.cdc 4184 4567
BreakingTheHabit(AlbumVersion).mp3.cdc 4025 4393
BreakingTheHabit(AlbumVersion).mp3.cdc 1865 2040
Hello.mp3.cdc 4344 4805
BreakingTheHabit(AlbumVersion).mp3.cdc 4016 4366
BreakingTheHabit(AlbumVersion).mp3.cdc 4360 4670
HowYouRemindMe.mp3.cdc 3843 4129
BreakingTheHabit(AlbumVersion).mp3.cdc 4316 4693
IBELIEVEINYOU(JECROISENTOI).mp3.cdc 4217 4544
ICanOnlyImagine-MercyMe.mp3.cdc 4142 4535
ICouldBeTheOne.mp3.cdc 3817 4116
IfEveryoneCared.mp3.cdc 3679 3980
If.mp3.cdc 2655 2865
BreakingTheHabit(AlbumVersion).mp3.cdc 2235 2445
BreakingTheHabit(AlbumVersion).mp3.cdc 4935 5279
BreakingTheHabit(AlbumVersion).mp3.cdc 2960 3226
BreakingTheHabit(AlbumVersion).mp3.cdc 4215 4598
BreakingTheHabit(AlbumVersion).mp3.cdc 3580 3920
IReallyLoveToSeeYouTonig.mp3.cdc 4675 5007
Itneverrainsinsoutherncalifornia.mp3.cdc 3954 4262
