TheStateofNoSQLin2012.pdf.cdc 20 43
10CoreArchitecturePatternVariationsforAchievingScalability.pdf.cdc 21 46
10GoldenPrinciplesForBuildingSuccessfulMobile-WebApplications.pdf.cdc 30 58
11CommonWebUseCasesSolvedinRedis.pdf.cdc 18 43
17TechniquesUsedtoScaleTurntable.fmandLabmeetingtoMillionsofUsers.pdf.cdc 27 50
TroubleswithSharding-WhatcanwelearnfromtheFoursquareIncident.pdf.cdc 33 59
5ScalabilityPoisonsand3CloudScalabilityAntidotes.pdf.cdc 13 35
6LessonsfromDropbox-OneMillionFilesSavedEvery15minutes.pdf.cdc 25 57
Paper-TheAkamaiNetwork-61000servers1000networks70countries.pdf.cdc 19 42
6WaystoKillYourServers-LearningHowtoScaletheHardWay.pdf.cdc 23 47
7DesignPatternsforAlmost-infiniteScalability.pdf.cdc 19 44
7LessonsLearnedWhileBuildingRedditto270MillionPageViewsaMonth.pdf.cdc 77 104
PursuerobustindefinitescalabilitywiththeMovableFeastMachine.pdf.cdc 22 44
HowGoogleServesDatafromMultipleDatacenters.pdf.cdc 27 52
8CommonlyUsedScalableSystemDesignPatterns.pdf.cdc 10 34
AMathematicalIntroductiontoDataScience.pdf.cdc 2206 2400
YouTubeArchitecture.pdf.cdc 26 55
PrismaticArchitecture-UsingMachineLearningonSocialNetworkstoFigureOutWhatYouShouldReadontheWeb.pdf.cdc 706 799
AnIntroductiontolibuv.pdf.cdc 145 197
7LessonsLearnedWhileBuildingRedditto270MillionPageViewsaMonth.pdf.cdc 21 48
TheCanonicalCloudArchitecture.pdf.cdc 131 168
ASchoolInEveryVillage.pdf.cdc 280 348
Facebook'sNewRealtimeAnalyticsSystem-HBasetoProcess20BillionEventsPerDay.pdf.cdc 41 69
AStudyofLinuxFileSystemEvolution(Fast13).pdf.cdc 217 262
AStudyofPracticalDeduplication.pdf.cdc 455 522
a_survey_of_dfs.pdf.cdc 450 516
TheInstagramArchitectureFacebookBoughtforaCoolBillionDollars.pdf.cdc 18 43
AwesomeListofAdvancedDistributedSystemsPapers.pdf.cdc 14 38
MachineVM+CloudAPI-RewritingtheCloudfromScratch.pdf.cdc 237 289
TheInstagramArchitectureFacebookBoughtforaCoolBillionDollars.pdf.cdc 31 57
10GoldenPrinciplesForBuildingSuccessfulMobile-WebApplications.pdf.cdc 27 55
BuildingScalableSystemsUsingDataasaCompositeMaterial.pdf.cdc 35 67
AreCloudBasedMemoryArchitecturestheNextBigThing.pdf.cdc 414 474
Facebook'sNewReal-timeMessagingSystem-HBasetoStore135+BillionMessagesaMonth.pdf.cdc 42 70
UsingGossipProtocolsforFailureDetectionMonitoringMessagingandOtherGoodThings.pdf.cdc 51 76
HowGoogleServesDatafromMultipleDatacenters.pdf.cdc 29 60
CloudProgrammingDirectlyFeedsCostAllocationBackintoSoftwareDesign.pdf.cdc 17 41
Common.Lisp.The.Language.2nd.Edition.pdf.cdc 3150 3425
CompilingwithContinuations.pdf.cdc 1881 2071
ComputerSystem-Aprogrammer'sperspective.pdf.cdc 3418 3695
concurrencycontrolandrecovery.pdf.cdc 145 184
Core.Python.Programming,2nd.Edition.pdf.cdc 7367 8112
CTrapsandPitfalls.pdf.cdc 3675 4013
datacenter.pdf.cdc 4462 4850
HowGoogleServesDatafromMultipleDatacenters.pdf.cdc 127 167
PursuerobustindefinitescalabilitywiththeMovableFeastMachine.pdf.cdc 11513 12137
The.C.Programming.Language.chm.cdc 4752 5101
AreCloudBasedMemoryArchitecturestheNextBigThing.pdf.cdc 49 76
diveintopython.pdf.cdc 995 1081
AreCloudBasedMemoryArchitecturestheNextBigThing.pdf.cdc 29 54
Large-ScaleDataandComputation.pdf.cdc 155 197
Facebook'sNewReal-timeMessagingSystem-HBasetoStore135+BillionMessagesaMonth.pdf.cdc 41 68
TheEtsySaga-FromSilostoHappytoBillionsofPageviewsaMonth.pdf.cdc 38 63
Facebookat13MillionQueriesPerSecondRecommends-MinimizeRequestVariance.pdf.cdc 46 69
FacebookTimeline-BroughttoYoubythePowerofDenormalization.pdf.cdc 34 57
FAT32.pdf.cdc 1674 1823
StackOverflowArchitecture.pdf.cdc 28 53
freedom.pdf.cdc 7970 8527
GCC-DARE-2009-hellogcc.pdf.cdc 57 87
glibc.pdf.cdc 3415 3685
Howwillmemristorschangeeverything.pdf.cdc 29 56
YouTubeArchitecture.pdf.cdc 30 52
Google+isBuiltUsingToolsYouCanUseToo-ClosureJavaServletsJavaScriptBigTableColossusQuickTurnaround.pdf.cdc 27 60
LogEverythingAlltheTime.pdf.cdc 37 66
GoogleProTip-UseBack-of-the-envelope-calculationstoChoosetheBestDesign.pdf.cdc 21 55
Google'sColossusMakesSearchReal-timebyDumpingMapReduce.pdf.cdc 38 64
UsingGossipProtocolsforFailureDetectionMonitoringMessagingandOtherGoodThings.pdf.cdc 44 73
GoogleonLatencyTolerantSystems-MakingaPredictableWholeOutofUnpredictableParts.pdf.cdc 57 86
JimStarkeyisCreatingaBraveNewWorldbyRethinkingDatabasesfortheCloud.pdf.cdc 37 67
GridGain-OneComputeGrid,ManyDataGrids.pdf.cdc 26 48
HerokuEmergencyStrategy-IncidentCommandSystemand8HourOpsRotationsforFreshMinds.pdf.cdc 30 56
HowGoogleServesDatafromMultipleDatacenters.pdf.cdc 27 48
HowGoogleServesDatafromMultipleDatacenters.pdf.cdc 22 47
AreCloudBasedMemoryArchitecturestheNextBigThing.pdf.cdc 44 69
UsingGossipProtocolsforFailureDetectionMonitoringMessagingandOtherGoodThings.pdf.cdc 31 58
GoogleSpanner'sMostSurprisingRevelation-NoSQLisOutandNewSQLisIn.pdf.cdc 19 49
Howwillmemristorschangeeverything.pdf.cdc 100 132
InformationTheory.pdf.cdc 8274 8873
TheInstagramArchitectureFacebookBoughtforaCoolBillionDollars.pdf.cdc 27 56
Intel64andIA-32Architectures.pdf.cdc 2665 2903
Introduction_to_computing_systems.pdf.cdc 9542 10361
MachineVM+CloudAPI-RewritingtheCloudfromScratch.pdf.cdc 29 55
IsNode.jsBecomingaPartoftheStackSimpleGeoSaysYes.pdf.cdc 27 58
Javascript-TheDefinitiveGuide6th.pdf.cdc 8125 8720
MachineVM+CloudAPI-RewritingtheCloudfromScratch.pdf.cdc 22 53
JoeArmstrong_thesis_2003.pdf.cdc 589 667
Justin.tv'sLiveVideoBroadcastingArchitecture.pdf.cdc 108 151
PursuerobustindefinitescalabilitywiththeMovableFeastMachine.pdf.cdc 11513 12137
AreCloudBasedMemoryArchitecturestheNextBigThing.pdf.cdc 58 85
PlentyOfFishArchitecture.pdf.cdc 33 56
linux-io-stack-diagram_v1.0.pdf.cdc 7 24
microArchitecture.pdf.cdc 3774 4101
Large-ScaleDataandComputation.pdf.cdc 1904 2071
FacebookTimeline-BroughttoYoubythePowerofDenormalization.pdf.cdc 14 41
logical_volume_management_whitepaper.pdf.cdc 233 284
MachineVM+CloudAPI-RewritingtheCloudfromScratch.pdf.cdc 27 51
mapreduce-osdi04.pdf.cdc 101 140
35+UseCasesforChoosingYourNextNoSQLDatabase.pdf.cdc 95 127
35+UseCasesforChoosingYourNextNoSQLDatabase.pdf.cdc 89 126
microArchitecture.pdf.cdc 1022 1138
mindhacker.pdf.cdc 1950 2120
7LessonsLearnedWhileBuildingRedditto270MillionPageViewsaMonth.pdf.cdc 200 250
AreCloudBasedMemoryArchitecturestheNextBigThing.pdf.cdc 48 79
multithread.pdf.cdc 146 194
TaggedArchitecture-Scalingto100MillionUsers1000Serversand5BillionPageViews.pdf.cdc 21 44
InstagramArchitecture-14MillionusersTerabytesofPhotos100sofInstancesDozensofTechnologies.pdf.cdc 22 48
Netflix-ContinuallyTestbyFailingServerswithChaosMonkey.pdf.cdc 21 43
TheStateofNoSQLin2012.pdf.cdc 24 49
microArchitecture.pdf.cdc 5840 6282
offer.pdf.cdc 15810 17143
OReilly-LearningtheUNIXOperatingSystem.pdf.cdc 726 812
os-zswap.pdf.cdc 46 75
Paper-OnDesigningandDeployingInternet-ScaleServices.pdf.cdc 10 36
Paper-TheAkamaiNetwork-61000servers1000networks70countries.pdf.cdc 21 41
UsingGossipProtocolsforFailureDetectionMonitoringMessagingandOtherGoodThings.pdf.cdc 17 39
paralellprogramming.pdf.cdc 2842 3055
PeechoArchitecture-scalabilityonashoestring.pdf.cdc 152 185
PinterestArchitectureUpdate-18MillionVisitors10xGrowth12Employees410TBofData.pdf.cdc 24 48
HowGoogleServesDatafromMultipleDatacenters.pdf.cdc 83 125
PlentyOfFishArchitecture.pdf.cdc 25 48
AreCloudBasedMemoryArchitecturestheNextBigThing.pdf.cdc 59 93
Professional_Linux_kernel_architecture.pdf.cdc 5466 5952
Programming_Erlang.pdf.cdc 1865 2049
programming.pdf.cdc 2122 2323
Programming.Pearls2.pdf.cdc 493 570
PursuerobustindefinitescalabilitywiththeMovableFeastMachine.pdf.cdc 40 67
qr_code.pdf.cdc 577 648
HowGoogleServesDatafromMultipleDatacenters.pdf.cdc 326 381
ScalingMemcacheatFacebook.pdf.cdc 226 289
ScalingSecret#2-DenormalizingYourWaytoSpeedandProfit.pdf.cdc 14 37
7ScalingStrategiesFacebookUsedtoGrowto500MillionUsers.pdf.cdc 41 72
ScalingTraffic-PeoplePodPoolofOnDemandSelfDrivingRoboticCarswhoAutomaticallyRefuelfromCheapSolar.pdf.cdc 70 103
17TechniquesUsedtoScaleTurntable.fmandLabmeetingtoMillionsofUsers.pdf.cdc 24 52
scheme.pdf.cdc 1510 1643
SegmentationfaultinLinux.pdf.cdc 194 244
SevenSignsYouMayNeedaNoSQLDatabase.pdf.cdc 22 50
LogEverythingAlltheTime.pdf.cdc 21 46
ThinkingInJava.pdf.cdc 1781 1957
sphinx_doc_zhcn_0.9.pdf.cdc 413 488
StackExchangeArchitectureUpdates-RunningSmoothlyAmazon4xMoreExpensive.pdf.cdc 20 47
ScalingSecret#2-DenormalizingYourWaytoSpeedandProfit.pdf.cdc 40 61
StackOverflowMakesSlowPages100xFasterbySimpleSQLTuning.pdf.cdc 15 38
HowGoogleServesDatafromMultipleDatacenters.pdf.cdc 68 107
Strategy-BreakUptheMemcacheDogPile.pdf.cdc 15 38
10GoldenPrinciplesForBuildingSuccessfulMobile-WebApplications.pdf.cdc 16 40
TaggedArchitecture-Scalingto100MillionUsers1000Serversand5BillionPageViews.pdf.cdc 16 42
StructureAndInterpretationOfComputerPrograms.pdf.cdc 1800 1956
systemTap_tutorial.pdf.cdc 76 108
TaggedArchitecture-Scalingto100MillionUsers1000Serversand5BillionPageViews.pdf.cdc 177 226
tcpipVolume1protocols.pdf.cdc 1782 1978
Facebook'sNewReal-timeMessagingSystem-HBasetoStore135+BillionMessagesaMonth.pdf.cdc 42 69
TheAnatomyofSearchTechnology-CrawlingusingCombinators.pdf.cdc 28 55
The.AWK.Programming.Language.pdf.cdc 5832 6325
AreCloudBasedMemoryArchitecturestheNextBigThing.pdf.cdc 26 51
TheCleverWaysChromeHidesLatencybyAnticipatingYourEveryNeed.pdf.cdc 27 51
The.C.Programming.Language.chm.cdc 147 183
Facebook'sNewRealtimeAnalyticsSystem-HBasetoProcess20BillionEventsPerDay.pdf.cdc 32 59
TheInstagramArchitectureFacebookBoughtforaCoolBillionDollars.pdf.cdc 27 51
YouTubeArchitecture.pdf.cdc 24 48
HowGoogleServesDatafromMultipleDatacenters.pdf.cdc 380 434
TheRoadtoSerfdom.pdf.cdc 662 762
TheStateofNoSQLin2012.pdf.cdc 567 636
TheThreeAgesofGoogle-BatchWarehouseInstant.pdf.cdc 37 67
TheUpdatedBigListofArticlesontheAmazonOutage.pdf.cdc 44 77
ThinkingInJava.pdf.cdc 4768 5079
ThinkofLatencyasaPseudo-permanentNetworkPartition.pdf.cdc 26 52
Thisstuffisn'ttaught,youlearnitbitbybitasyousolveeachproblem.pdf.cdc 22 47
timing-wheels.pdf.cdc 672 738
AreCloudBasedMemoryArchitecturestheNextBigThing.pdf.cdc 51 81
35+UseCasesforChoosingYourNextNoSQLDatabase.pdf.cdc 51 82
AreCloudBasedMemoryArchitecturestheNextBigThing.pdf.cdc 43 72
The.C.Programming.Language.chm.cdc 2064 2223
UnderstandingTheLinuxKernel.pdf.cdc 2253 2450
The.C.Programming.Language.chm.cdc 869 966
multithread.pdf.cdc 10295 10961
UsingGossipProtocolsforFailureDetectionMonitoringMessagingandOtherGoodThings.pdf.cdc 20 54
PeechoArchitecture-scalabilityonashoestring.pdf.cdc 49 78
vm-tlbs.pdf.cdc 73 106
VMware_paravirtualization.pdf.cdc 1008 1121
VoltDBDecapitatesSixSQLUrbanMythsandDeliversInternetScaleOLTPintheProcess.pdf.cdc 117 164
WhatEveryProgrammerShouldKnowAboutMemory.pdf.cdc 618 700
HowGoogleServesDatafromMultipleDatacenters.pdf.cdc 73 110
MachineVM+CloudAPI-RewritingtheCloudfromScratch.pdf.cdc 50 82
WhyareFacebookDiggandTwittersohardtoscale.pdf.cdc 23 43
The.C.Programming.Language.chm.cdc 5074 5276
AreCloudBasedMemoryArchitecturestheNextBigThing.pdf.cdc 84 122
YouTubeArchitecture.pdf.cdc 21 48
ZooKeeper-AReliable,ScalableDistributedCoordinationSystem.pdf.cdc 24 49
