+++++++++++++ blk_sz -- 1 +++++++++++++
time elapsed -------- : 39
total_sent ---------- : 10223563
total_req ----------- : 96256
total_dup_h --------- : 2108100
total_ndup_h -------- : 45032
total_delta_data ---- : 7974175
total_recved -------- : 35263360
total_checksum_h ---- : 6016
total_checksums ----- : 35257344
total_interact_data - : 45486923
total_dup_blks ------ : 268102
total_filesz -------- : 282510623
compression_ratio --- : 83.899040%
+++++++++++++ blk_sz -- 2 +++++++++++++
time elapsed -------- : 38
total_sent ---------- : 14364532
total_req ----------- : 95744
total_dup_h --------- : 997517
total_ndup_h -------- : 35976
total_delta_data ---- : 13235295
total_recved -------- : 17623520
total_checksum_h ---- : 5984
total_checksums ----- : 17617536
total_interact_data - : 31988052
total_dup_blks ------ : 131445
total_filesz -------- : 282434655
compression_ratio --- : 88.674176%
+++++++++++++ blk_sz -- 3 +++++++++++++
time elapsed -------- : 39
total_sent ---------- : 17856148
total_req ----------- : 93696
total_dup_h --------- : 642029
total_ndup_h -------- : 30845
total_delta_data ---- : 17089578
total_recved -------- : 11725664
total_checksum_h ---- : 5856
total_checksums ----- : 11719808
total_interact_data - : 29581812
total_dup_blks ------ : 86203
total_filesz -------- : 281905194
compression_ratio --- : 89.506468%
+++++++++++++ blk_sz -- 4 +++++++++++++
time elapsed -------- : 39
total_sent ---------- : 20633118
total_req ----------- : 91648
total_dup_h --------- : 468326
total_ndup_h -------- : 28215
total_delta_data ---- : 20044929
total_recved -------- : 8760288
total_checksum_h ---- : 5728
total_checksums ----- : 8754560
total_interact_data - : 29393406
total_dup_blks ------ : 63673
total_filesz -------- : 280849537
compression_ratio --- : 89.534109%
+++++++++++++ blk_sz -- 5 +++++++++++++
time elapsed -------- : 38
total_sent ---------- : 23724486
total_req ----------- : 93184
total_dup_h --------- : 361331
total_ndup_h -------- : 27842
total_delta_data ---- : 23242129
total_recved -------- : 6930496
total_checksum_h ---- : 5824
total_checksums ----- : 6924672
total_interact_data - : 30654982
total_dup_blks ------ : 49716
total_filesz -------- : 277788049
compression_ratio --- : 88.964615%
+++++++++++++ blk_sz -- 6 +++++++++++++
time elapsed -------- : 38
total_sent ---------- : 25702413
total_req ----------- : 91136
total_dup_h --------- : 296973
total_ndup_h -------- : 26777
total_delta_data ---- : 25287527
total_recved -------- : 5801792
total_checksum_h ---- : 5696
total_checksums ----- : 5796096
total_interact_data - : 31504205
total_dup_blks ------ : 41313
total_filesz -------- : 279114599
compression_ratio --- : 88.712806%
+++++++++++++ blk_sz -- 7 +++++++++++++
time elapsed -------- : 39
total_sent ---------- : 28505318
total_req ----------- : 92160
total_dup_h --------- : 250304
total_ndup_h -------- : 27845
total_delta_data ---- : 28135009
total_recved -------- : 4991360
total_checksum_h ---- : 5760
total_checksums ----- : 4985600
total_interact_data - : 33496678
total_dup_blks ------ : 35167
total_filesz -------- : 280212065
compression_ratio --- : 88.045954%
+++++++++++++ blk_sz -- 8 +++++++++++++
time elapsed -------- : 40
total_sent ---------- : 31575421
total_req ----------- : 93184
total_dup_h --------- : 215186
total_ndup_h -------- : 28582
total_delta_data ---- : 31238469
total_recved -------- : 4382016
total_checksum_h ---- : 5824
total_checksums ----- : 4376192
total_interact_data - : 35957437
total_dup_blks ------ : 30513
total_filesz -------- : 281200965
compression_ratio --- : 87.212904%
+++++++++++++ blk_sz -- 9 +++++++++++++
time elapsed -------- : 39
total_sent ---------- : 33445809
total_req ----------- : 92160
total_dup_h --------- : 188214
total_ndup_h -------- : 28515
total_delta_data ---- : 33136920
total_recved -------- : 3890560
total_checksum_h ---- : 5760
total_checksums ----- : 3884800
total_interact_data - : 37336369
total_dup_blks ------ : 26881
total_filesz -------- : 280872216
compression_ratio --- : 86.706991%
+++++++++++++ blk_sz -- 10 +++++++++++++
time elapsed -------- : 41
total_sent ---------- : 36211983
total_req ----------- : 93696
total_dup_h --------- : 166907
total_ndup_h -------- : 30198
total_delta_data ---- : 35921182
total_recved -------- : 3511008
total_checksum_h ---- : 5856
total_checksums ----- : 3505152
total_interact_data - : 39722991
total_dup_blks ------ : 24004
total_filesz -------- : 281722142
compression_ratio --- : 85.899940%
+++++++++++++ blk_sz -- 11 +++++++++++++
time elapsed -------- : 39
total_sent ---------- : 37735260
total_req ----------- : 91648
total_dup_h --------- : 148970
total_ndup_h -------- : 32188
total_delta_data ---- : 37462454
total_recved -------- : 3176928
total_checksum_h ---- : 5728
total_checksums ----- : 3171200
total_interact_data - : 40912188
total_dup_blks ------ : 21571
total_filesz -------- : 280438198
compression_ratio --- : 85.411335%
+++++++++++++ blk_sz -- 12 +++++++++++++
time elapsed -------- : 40
total_sent ---------- : 39783204
total_req ----------- : 90112
total_dup_h --------- : 135001
total_ndup_h -------- : 31104
total_delta_data ---- : 39526987
total_recved -------- : 2918656
total_checksum_h ---- : 5632
total_checksums ----- : 2913024
total_interact_data - : 42701860
total_dup_blks ------ : 19654
total_filesz -------- : 281035339
compression_ratio --- : 84.805519%
+++++++++++++ blk_sz -- 13 +++++++++++++
time elapsed -------- : 40
total_sent ---------- : 41418900
total_req ----------- : 90624
total_dup_h --------- : 122670
total_ndup_h -------- : 31544
total_delta_data ---- : 41174062
total_recved -------- : 2684320
total_checksum_h ---- : 5664
total_checksums ----- : 2678656
total_interact_data - : 44103220
total_dup_blks ------ : 17947
total_filesz -------- : 280084526
compression_ratio --- : 84.253603%
+++++++++++++ blk_sz -- 14 +++++++++++++
time elapsed -------- : 40
total_sent ---------- : 43831680
total_req ----------- : 91136
total_dup_h --------- : 112293
total_ndup_h -------- : 32853
total_delta_data ---- : 43595398
total_recved -------- : 2492352
total_checksum_h ---- : 5696
total_checksums ----- : 2486656
total_interact_data - : 46324032
total_dup_blks ------ : 16501
total_filesz -------- : 280153734
compression_ratio --- : 83.464782%
+++++++++++++ blk_sz -- 15 +++++++++++++
time elapsed -------- : 40
total_sent ---------- : 45832400
total_req ----------- : 91136
total_dup_h --------- : 103678
total_ndup_h -------- : 33196
total_delta_data ---- : 45604390
total_recved -------- : 2330816
total_checksum_h ---- : 5696
total_checksums ----- : 2325120
total_interact_data - : 48163216
total_dup_blks ------ : 15306
total_filesz -------- : 280704550
compression_ratio --- : 82.842025%
+++++++++++++ blk_sz -- 16 +++++++++++++
time elapsed -------- : 41
total_sent ---------- : 47714458
total_req ----------- : 91648
total_dup_h --------- : 95926
total_ndup_h -------- : 38178
total_delta_data ---- : 47488706
total_recved -------- : 2181344
total_checksum_h ---- : 5728
total_checksums ----- : 2175616
total_interact_data - : 49895802
total_dup_blks ------ : 14212
total_filesz -------- : 280338114
compression_ratio --- : 82.201563%

real	0m29.868s
user	0m9.853s
sys	0m2.112s
