
real	0m24.856s
user	0m9.849s
sys	0m2.152s
+++++++++++++ blk_sz -- 1 +++++++++++++
time elapsed -------- : 27
total_sent ---------- : 4642796
total_req ----------- : 28160
total_dup_h --------- : 2128355
total_ndup_h -------- : 19072
total_delta_data ---- : 2467209
total_recved -------- : 17657248
total_checksum_h ---- : 1760
total_checksums ----- : 17655488
total_interact_data - : 22300044
total_dup_blks ------ : 273586
total_filesz -------- : 282619273
compression_ratio --- : 92.109511%
+++++++++++++ blk_sz -- 2 +++++++++++++
time elapsed -------- : 27
total_sent ---------- : 5811738
total_req ----------- : 28160
total_dup_h --------- : 1025488
total_ndup_h -------- : 19649
total_delta_data ---- : 4738441
total_recved -------- : 8828576
total_checksum_h ---- : 1760
total_checksums ----- : 8826816
total_interact_data - : 14640314
total_dup_blks ------ : 135684
total_filesz -------- : 282619273
compression_ratio --- : 94.819775%
+++++++++++++ blk_sz -- 3 +++++++++++++
time elapsed -------- : 27
total_sent ---------- : 7752056
total_req ----------- : 28160
total_dup_h --------- : 658344
total_ndup_h -------- : 20039
total_delta_data ---- : 7045513
total_recved -------- : 5885856
total_checksum_h ---- : 1760
total_checksums ----- : 5884096
total_interact_data - : 13637912
total_dup_blks ------ : 89705
total_filesz -------- : 282619273
compression_ratio --- : 95.174458%
+++++++++++++ blk_sz -- 4 +++++++++++++
time elapsed -------- : 27
total_sent ---------- : 9818505
total_req ----------- : 28160
total_dup_h --------- : 476286
total_ndup_h -------- : 20866
total_delta_data ---- : 9293193
total_recved -------- : 4414304
total_checksum_h ---- : 1760
total_checksums ----- : 4412544
total_interact_data - : 14232809
total_dup_blks ------ : 66730
total_filesz -------- : 282619273
compression_ratio --- : 94.963964%
+++++++++++++ blk_sz -- 5 +++++++++++++
time elapsed -------- : 27
total_sent ---------- : 12000504
total_req ----------- : 28160
total_dup_h --------- : 369266
total_ndup_h -------- : 21245
total_delta_data ---- : 11581833
total_recved -------- : 3531616
total_checksum_h ---- : 1760
total_checksums ----- : 3529856
total_interact_data - : 15532120
total_dup_blks ------ : 52937
total_filesz -------- : 282619273
compression_ratio --- : 94.504225%
+++++++++++++ blk_sz -- 6 +++++++++++++
time elapsed -------- : 28
total_sent ---------- : 14219569
total_req ----------- : 28160
total_dup_h --------- : 300937
total_ndup_h -------- : 22047
total_delta_data ---- : 13868425
total_recved -------- : 2942944
total_checksum_h ---- : 1760
total_checksums ----- : 2941184
total_interact_data - : 17162513
total_dup_blks ------ : 43742
total_filesz -------- : 282619273
compression_ratio --- : 93.927338%
+++++++++++++ blk_sz -- 7 +++++++++++++
time elapsed -------- : 27
total_sent ---------- : 16461339
total_req ----------- : 28160
total_dup_h --------- : 254586
total_ndup_h -------- : 22552
total_delta_data ---- : 16156041
total_recved -------- : 2522592
total_checksum_h ---- : 1760
total_checksums ----- : 2520832
total_interact_data - : 18983931
total_dup_blks ------ : 37174
total_filesz -------- : 282619273
compression_ratio --- : 93.282860%
+++++++++++++ blk_sz -- 8 +++++++++++++
time elapsed -------- : 28
total_sent ---------- : 18600640
total_req ----------- : 28160
total_dup_h --------- : 220239
total_ndup_h -------- : 23272
total_delta_data ---- : 18328969
total_recved -------- : 2207328
total_checksum_h ---- : 1760
total_checksums ----- : 2205568
total_interact_data - : 20807968
total_dup_blks ------ : 32262
total_filesz -------- : 282619273
compression_ratio --- : 92.637456%
+++++++++++++ blk_sz -- 9 +++++++++++++
time elapsed -------- : 28
total_sent ---------- : 21010493
total_req ----------- : 28160
total_dup_h --------- : 193356
total_ndup_h -------- : 23912
total_delta_data ---- : 20765065
total_recved -------- : 1961760
total_checksum_h ---- : 1760
total_checksums ----- : 1960000
total_interact_data - : 22972253
total_dup_blks ------ : 28413
total_filesz -------- : 282619273
compression_ratio --- : 91.871661%
+++++++++++++ blk_sz -- 10 +++++++++++++
time elapsed -------- : 28
total_sent ---------- : 23148477
total_req ----------- : 28160
total_dup_h --------- : 172033
total_ndup_h -------- : 25651
total_delta_data ---- : 22922633
total_recved -------- : 1765792
total_checksum_h ---- : 1760
total_checksums ----- : 1764032
total_interact_data - : 24914269
total_dup_blks ------ : 25361
total_filesz -------- : 282619273
compression_ratio --- : 91.184512%
+++++++++++++ blk_sz -- 11 +++++++++++++
time elapsed -------- : 29
total_sent ---------- : 25516330
total_req ----------- : 28160
total_dup_h --------- : 154461
total_ndup_h -------- : 29252
total_delta_data ---- : 25304457
total_recved -------- : 1605216
total_checksum_h ---- : 1760
total_checksums ----- : 1603456
total_interact_data - : 27121546
total_dup_blks ------ : 22844
total_filesz -------- : 282619273
compression_ratio --- : 90.403504%
+++++++++++++ blk_sz -- 12 +++++++++++++
time elapsed -------- : 28
total_sent ---------- : 27753393
total_req ----------- : 28160
total_dup_h --------- : 139900
total_ndup_h -------- : 28076
total_delta_data ---- : 27557257
total_recved -------- : 1471520
total_checksum_h ---- : 1760
total_checksums ----- : 1469760
total_interact_data - : 29224913
total_dup_blks ------ : 20757
total_filesz -------- : 282619273
compression_ratio --- : 89.659264%
+++++++++++++ blk_sz -- 13 +++++++++++++
time elapsed -------- : 29
total_sent ---------- : 29941286
total_req ----------- : 28160
total_dup_h --------- : 127613
total_ndup_h -------- : 27680
total_delta_data ---- : 29757833
total_recved -------- : 1358240
total_checksum_h ---- : 1760
total_checksums ----- : 1356480
total_interact_data - : 31299526
total_dup_blks ------ : 18995
total_filesz -------- : 282619273
compression_ratio --- : 88.925198%
+++++++++++++ blk_sz -- 14 +++++++++++++
time elapsed -------- : 30
total_sent ---------- : 32271447
total_req ----------- : 28160
total_dup_h --------- : 117009
total_ndup_h -------- : 28605
total_delta_data ---- : 32097673
total_recved -------- : 1261344
total_checksum_h ---- : 1760
total_checksums ----- : 1259584
total_interact_data - : 33532791
total_dup_blks ------ : 17475
total_filesz -------- : 282619273
compression_ratio --- : 88.134995%
+++++++++++++ blk_sz -- 15 +++++++++++++
time elapsed -------- : 29
total_sent ---------- : 34459152
total_req ----------- : 28160
total_dup_h --------- : 107889
total_ndup_h -------- : 28950
total_delta_data ---- : 34294153
total_recved -------- : 1177248
total_checksum_h ---- : 1760
total_checksums ----- : 1175488
total_interact_data - : 35636400
total_dup_blks ------ : 16167
total_filesz -------- : 282619273
compression_ratio --- : 87.390669%
+++++++++++++ blk_sz -- 16 +++++++++++++
time elapsed -------- : 30
total_sent ---------- : 36613131
total_req ----------- : 28160
total_dup_h --------- : 99925
total_ndup_h -------- : 35373
total_delta_data ---- : 36449673
total_recved -------- : 1103840
total_checksum_h ---- : 1760
total_checksums ----- : 1102080
total_interact_data - : 37716971
total_dup_blks ------ : 15025
total_filesz -------- : 282619273
compression_ratio --- : 86.654494%
